************************ 21.03.10 ************************
installer rebuilding
  - hypercloud-install로부터 repository 분할
    > Ref: github.com/tmax-cloud/hyperloud-install/guide/Capi
  - 기존의 Flow 위주의 구성 방식에서 Flag 방식
    (e.g. 폐쇄망/연결망, provider selection)으로 구조 수정
  - 폐쇄망 가이드 세분화

************************ 21.04.16 ************************
closed network installation
  - 폐쇄망 가이드 세분화 및 구조 수정

************************ 21.04.21 ************************
CAPA
  - catalog install 과정 추가
  - catalog를 위한 prerequisites 추가
  - cert-manager 설치과정 분리 및 prerequisites에 추가

************************ 21.04.29 ************************
main branch rebuilding
  - 5.0/4.1 링크만 남기고 내용 삭제

CAPV
  - isntaller 초안 추가

************************ 21.05.xx ************************
CAPV
  - vsphere 추가 1차 완료
  - vsphere 추가로 인한 

CAPA
  - CAPI version update로 인한 CAPA version update 및 검증
  - Cloudformation stack 생성 및 삭제 과정 제거
    > prerequisites 혹은 다른 단계에서 다룰 예정